<?xml version="1.0" encoding="UTF-8"?>
<!-- Generated by org.testng.reporters.JUnitXMLReporter -->
<testsuite ignored="0" hostname="Talib" failures="0" tests="13" name="Default test" time="108.817" errors="0" timestamp="2023-09-24T12:24:03 IST">
  <testcase classname="com.babaTest.testCases.TC_WebTableTest_004" name="checkWebTablePage" time="1.053"/>
  <testcase classname="com.babaTest.testCases.TC_WebTableTest_004" name="checkWebTablePage" time="0.53"/>
  <testcase classname="com.babaTest.testCases.TC_WebTableTest_004" name="checkWebTablePage" time="0.595"/>
  <testcase classname="com.babaTest.testCases.TC_WebTableTest_004" name="checkWebTablePage" time="0.595"/>
  <testcase classname="com.babaTest.testCases.TC_WebTableTest_004" name="checkWebTablePage" time="0.582"/>
  <testcase classname="com.babaTest.testCases.TC_WebTableTest_004" name="checkWebTablePage" time="0.617"/>
  <testcase classname="com.babaTest.testCases.TC_WebTableTest_004" name="checkWebTablePage" time="0.662"/>
  <testcase classname="com.babaTest.testCases.TC_WebTableTest_004" name="checkWebTablePage" time="0.585"/>
  <testcase classname="com.babaTest.testCases.TC_WebTableTest_004" name="checkWebTablePage" time="0.632"/>
  <testcase classname="com.babaTest.testCases.TC_WebTableTest_004" name="checkWebTablePage" time="0.563"/>
  <testcase classname="com.babaTest.testCases.TC_WebTableTest_004" name="checkEdit" time="80.659"/>
  <testcase classname="com.babaTest.testCases.TC_WebTableTest_004" name="getPrint" time="0.867"/>
  <testcase classname="com.babaTest.testCases.TC_WebTableTest_004" name="checkDelete" time="1.415"/>
</testsuite> <!-- Default test -->
