<?xml version="1.0" encoding="UTF-8"?>
<!-- Generated by org.testng.reporters.JUnitXMLReporter -->
<testsuite ignored="0" hostname="Talib" failures="0" tests="22" name="Test" time="49.189" errors="0" timestamp="2023-09-17T15:42:27 IST">
  <testcase classname="com.babaTest.testCases.TC_RadioBoxTest_003" name="checkRadioPage" time="0.365"/>
  <testcase classname="com.babaTest.testCases.TC_CheckBoxTest_002" name="checkBoxes" time="1.117"/>
  <testcase classname="com.babaTest.testCases.TC_FillTextboxTest_001" name="FillTextBoxForm" time="1.319"/>
  <testcase classname="com.babaTest.testCases.TC_FillTextboxTest_001" name="FillTextBoxForm" time="1.002"/>
  <testcase classname="com.babaTest.testCases.TC_FillTextboxTest_001" name="FillTextBoxForm" time="0.965"/>
  <testcase classname="com.babaTest.testCases.TC_FillTextboxTest_001" name="FillTextBoxForm" time="1.034"/>
  <testcase classname="com.babaTest.testCases.TC_FillTextboxTest_001" name="FillTextBoxForm" time="1.201"/>
  <testcase classname="com.babaTest.testCases.TC_FillTextboxTest_001" name="FillTextBoxForm" time="1.104"/>
  <testcase classname="com.babaTest.testCases.TC_FillTextboxTest_001" name="FillTextBoxForm" time="0.813"/>
  <testcase classname="com.babaTest.testCases.TC_FillTextboxTest_001" name="FillTextBoxForm" time="0.928"/>
  <testcase classname="com.babaTest.testCases.TC_FillTextboxTest_001" name="FillTextBoxForm" time="0.854"/>
  <testcase classname="com.babaTest.testCases.TC_FillTextboxTest_001" name="FillTextBoxForm" time="0.854"/>
  <testcase classname="com.babaTest.testCases.TC_FillTextboxTest_001" name="FillTextBoxForm" time="1.264"/>
  <testcase classname="com.babaTest.testCases.TC_FillTextboxTest_001" name="FillTextBoxForm" time="0.905"/>
  <testcase classname="com.babaTest.testCases.TC_FillTextboxTest_001" name="FillTextBoxForm" time="0.992"/>
  <testcase classname="com.babaTest.testCases.TC_FillTextboxTest_001" name="FillTextBoxForm" time="0.83"/>
  <testcase classname="com.babaTest.testCases.TC_FillTextboxTest_001" name="FillTextBoxForm" time="0.796"/>
  <testcase classname="com.babaTest.testCases.TC_FillTextboxTest_001" name="FillTextBoxForm" time="0.752"/>
  <testcase classname="com.babaTest.testCases.TC_FillTextboxTest_001" name="FillTextBoxForm" time="1.038"/>
  <testcase classname="com.babaTest.testCases.TC_FillTextboxTest_001" name="FillTextBoxForm" time="0.836"/>
  <testcase classname="com.babaTest.testCases.TC_FillTextboxTest_001" name="FillTextBoxForm" time="0.843"/>
  <testcase classname="com.babaTest.testCases.TC_FillTextboxTest_001" name="FillTextBoxForm" time="0.864"/>
</testsuite> <!-- Test -->
