<?xml version="1.0" encoding="UTF-8"?>
<testng-results ignored="0" total="1" passed="1" failed="0" skipped="0">
  <reporter-output>
  </reporter-output>
  <suite started-at="2023-09-17T16:54:46 IST" name="Suite" finished-at="2023-09-17T16:54:58 IST" duration-ms="12633">
    <groups>
    </groups>
    <test started-at="2023-09-17T16:54:46 IST" name="CheckingCheckBox" finished-at="2023-09-17T16:54:58 IST" duration-ms="12633">
      <class name="com.babaTest.testCases.TC_CheckBoxTest_002">
        <test-method is-config="true" signature="setUp()[pri:0, instance:com.babaTest.testCases.TC_CheckBoxTest_002@6fa51cd4]" started-at="2023-09-17T16:54:46 IST" name="setUp" finished-at="2023-09-17T16:54:57 IST" duration-ms="11478" status="PASS">
          <reporter-output>
          </reporter-output>
        </test-method> <!-- setUp -->
        <test-method is-config="true" signature="getElementSetUp()[pri:0, instance:com.babaTest.testCases.TC_CheckBoxTest_002@6fa51cd4]" started-at="2023-09-17T16:54:57 IST" name="getElementSetUp" finished-at="2023-09-17T16:54:58 IST" duration-ms="334" status="PASS">
          <reporter-output>
          </reporter-output>
        </test-method> <!-- getElementSetUp -->
        <test-method signature="checkBoxes()[pri:0, instance:com.babaTest.testCases.TC_CheckBoxTest_002@6fa51cd4]" started-at="2023-09-17T16:54:58 IST" name="checkBoxes" finished-at="2023-09-17T16:54:58 IST" duration-ms="740" status="PASS">
          <reporter-output>
          </reporter-output>
        </test-method> <!-- checkBoxes -->
        <test-method is-config="true" signature="tearDown()[pri:0, instance:com.babaTest.testCases.TC_CheckBoxTest_002@6fa51cd4]" started-at="2023-09-17T16:54:58 IST" name="tearDown" finished-at="2023-09-17T16:54:58 IST" duration-ms="0" status="PASS">
          <reporter-output>
          </reporter-output>
        </test-method> <!-- tearDown -->
      </class> <!-- com.babaTest.testCases.TC_CheckBoxTest_002 -->
    </test> <!-- CheckingCheckBox -->
  </suite> <!-- Suite -->
</testng-results>
